c:\e_pan\服务外包\routeplanning\luxianguihua\x64\debug\graph.obj
c:\e_pan\服务外包\routeplanning\luxianguihua\x64\debug\main.obj
c:\e_pan\服务外包\routeplanning\luxianguihua\x64\debug\about_.obj
c:\e_pan\服务外包\routeplanning\luxianguihua\x64\debug\manager.obj
c:\e_pan\服务外包\routeplanning\luxianguihua\x64\debug\create_.obj
c:\e_pan\服务外包\routeplanning\luxianguihua\x64\debug\luxianguihua.obj
c:\e_pan\服务外包\routeplanning\luxianguihua\x64\debug\ga.obj
c:\e_pan\服务外包\routeplanning\luxianguihua\x64\debug\vc141.pdb
c:\e_pan\服务外包\routeplanning\luxianguihua\x64\debug\moc_manager.obj
c:\e_pan\服务外包\routeplanning\luxianguihua\x64\debug\qrc_luxianguihua.obj
c:\e_pan\服务外包\routeplanning\luxianguihua\x64\debug\moc_create_.obj
c:\e_pan\服务外包\routeplanning\luxianguihua\x64\debug\moc_about_.obj
c:\e_pan\服务外包\routeplanning\luxianguihua\x64\debug\moc_luxianguihua.obj
d:\vsproject\qt\routeplanning\routeplanning\luxianguihua\x64\debug\graph.obj
d:\vsproject\qt\routeplanning\routeplanning\luxianguihua\x64\debug\ga.obj
d:\vsproject\qt\routeplanning\routeplanning\luxianguihua\x64\debug\about_.obj
d:\vsproject\qt\routeplanning\routeplanning\luxianguihua\x64\debug\create_.obj
d:\vsproject\qt\routeplanning\routeplanning\luxianguihua\x64\debug\luxianguihua.obj
d:\vsproject\qt\routeplanning\routeplanning\luxianguihua\x64\debug\main.obj
d:\vsproject\qt\routeplanning\routeplanning\luxianguihua\x64\debug\manager.obj
c:\e_pan\服务外包\routeplanning\x64\debug\luxianguihua.exe
c:\e_pan\服务外包\routeplanning\x64\debug\luxianguihua.ilk
c:\e_pan\服务外包\routeplanning\x64\debug\luxianguihua.pdb
c:\e_pan\服务外包\routeplanning\luxianguihua\x64\debug\uic\ui_about_.h
c:\e_pan\服务外包\routeplanning\luxianguihua\x64\debug\uic\ui_create_.h
c:\e_pan\服务外包\routeplanning\luxianguihua\x64\debug\uic\ui_luxianguihua.h
c:\e_pan\服务外包\routeplanning\luxianguihua\x64\debug\uic\ui_manager.h
c:\e_pan\服务外包\routeplanning\luxianguihua\x64\debug\rcc\qrc_luxianguihua.cpp
c:\e_pan\服务外包\routeplanning\luxianguihua\x64\debug\moc\moc_luxianguihua.cpp
c:\e_pan\服务外包\routeplanning\luxianguihua\x64\debug\moc\moc_create_.cpp
c:\e_pan\服务外包\routeplanning\luxianguihua\x64\debug\moc\moc_about_.cpp
c:\e_pan\服务外包\routeplanning\luxianguihua\x64\debug\moc\moc_manager.cpp
d:\vsproject\qt\routeplanning\routeplanning\luxianguihua\x64\debug\uic\ui_about_.h
d:\vsproject\qt\routeplanning\routeplanning\luxianguihua\x64\debug\uic\ui_create_.h
d:\vsproject\qt\routeplanning\routeplanning\luxianguihua\x64\debug\uic\ui_luxianguihua.h
d:\vsproject\qt\routeplanning\routeplanning\luxianguihua\x64\debug\uic\ui_manager.h
d:\vsproject\qt\routeplanning\routeplanning\luxianguihua\x64\debug\rcc\qrc_luxianguihua.cpp
d:\vsproject\qt\routeplanning\routeplanning\luxianguihua\x64\debug\moc\moc_luxianguihua.cpp
d:\vsproject\qt\routeplanning\routeplanning\luxianguihua\x64\debug\moc\moc_create_.cpp
d:\vsproject\qt\routeplanning\routeplanning\luxianguihua\x64\debug\moc\moc_about_.cpp
d:\vsproject\qt\routeplanning\routeplanning\luxianguihua\x64\debug\moc\moc_manager.cpp
d:\vsproject\qt\routeplanning\routeplanning\luxianguihua\x64\debug\\moc\moc_luxianguihua.cpp
d:\vsproject\qt\routeplanning\routeplanning\luxianguihua\x64\debug\\moc\moc_create_.cpp
d:\vsproject\qt\routeplanning\routeplanning\luxianguihua\x64\debug\\moc\moc_about_.cpp
d:\vsproject\qt\routeplanning\routeplanning\luxianguihua\x64\debug\\moc\moc_manager.cpp
d:\vsproject\qt\routeplanning\routeplanning\luxianguihua\x64\debug\\rcc\qrc_luxianguihua.cpp
d:\vsproject\qt\routeplanning\routeplanning\luxianguihua\x64\debug\\uic\ui_about_.h
d:\vsproject\qt\routeplanning\routeplanning\luxianguihua\x64\debug\\uic\ui_create_.h
d:\vsproject\qt\routeplanning\routeplanning\luxianguihua\x64\debug\\uic\ui_luxianguihua.h
d:\vsproject\qt\routeplanning\routeplanning\luxianguihua\x64\debug\\uic\ui_manager.h
d:\vsproject\qt\routeplanning\routeplanning\luxianguihua\x64\debug\moc_about_.obj
d:\vsproject\qt\routeplanning\routeplanning\luxianguihua\x64\debug\moc_create_.obj
d:\vsproject\qt\routeplanning\routeplanning\luxianguihua\x64\debug\moc_luxianguihua.obj
d:\vsproject\qt\routeplanning\routeplanning\luxianguihua\x64\debug\moc_manager.obj
d:\vsproject\qt\routeplanning\routeplanning\luxianguihua\x64\debug\qrc_luxianguihua.obj
d:\vsproject\qt\routeplanning\routeplanning\luxianguihua\x64\debug\vc141.pdb
d:\vsproject\qt\routeplanning\routeplanning\x64\debug\luxianguihua.pdb
d:\vsproject\qt\routeplanning\routeplanning\x64\debug\luxianguihua.exe
d:\vsproject\qt\routeplanning\routeplanning\x64\debug\luxianguihua.ilk
d:\vsproject\qt\routeplanning\routeplanning\luxianguihua\x64\debug\luxianguihua.tlog\cl.command.1.tlog
d:\vsproject\qt\routeplanning\routeplanning\luxianguihua\x64\debug\luxianguihua.tlog\cl.read.1.tlog
d:\vsproject\qt\routeplanning\routeplanning\luxianguihua\x64\debug\luxianguihua.tlog\cl.write.1.tlog
d:\vsproject\qt\routeplanning\routeplanning\luxianguihua\x64\debug\luxianguihua.tlog\link.command.1.tlog
d:\vsproject\qt\routeplanning\routeplanning\luxianguihua\x64\debug\luxianguihua.tlog\link.read.1.tlog
d:\vsproject\qt\routeplanning\routeplanning\luxianguihua\x64\debug\luxianguihua.tlog\link.write.1.tlog
d:\vsproject\qt\routeplanning\routeplanning\luxianguihua\x64\debug\luxianguihua.tlog\luxianguihua.write.1u.tlog
d:\vsproject\qt\routeplanning\routeplanning\luxianguihua\x64\debug\luxianguihua.tlog\moc.read.1u.tlog
d:\vsproject\qt\routeplanning\routeplanning\luxianguihua\x64\debug\luxianguihua.tlog\moc.write.1u.tlog
d:\vsproject\qt\routeplanning\routeplanning\luxianguihua\x64\debug\luxianguihua.tlog\rcc.read.1u.tlog
d:\vsproject\qt\routeplanning\routeplanning\luxianguihua\x64\debug\luxianguihua.tlog\rcc.write.1u.tlog
d:\vsproject\qt\routeplanning\routeplanning\luxianguihua\x64\debug\luxianguihua.tlog\uic.read.1u.tlog
d:\vsproject\qt\routeplanning\routeplanning\luxianguihua\x64\debug\luxianguihua.tlog\uic.write.1u.tlog
